-------------------------------------------------------------------------------
Test set: collectionstest.ProfileRepoImplTest
-------------------------------------------------------------------------------
Tests run: 1, Failures: 1, Errors: 0, Skipped: 0, Time elapsed: 4.894 s <<< FAILURE! - in collectionstest.ProfileRepoImplTest
getAllProfileTest  Time elapsed: 4.885 s  <<< FAILURE!
org.opentest4j.AssertionFailedError: expected: java.util.ArrayList@1f59a598<[Movie{id=6, firstName='Sarah', lasName=Shouse, middleName=M, phoneNumber=555-555-5555}, Movie{id=7, firstName='Holly', lasName=Johnston, middleName=M, phoneNumber=555-555-5555}, Movie{id=8, firstName='Brittany', lasName=Carter, middleName=B, phoneNumber=555-555-5555}]> but was: java.util.ArrayList@1e178745<[Movie{id=6, firstName='Sarah', lasName=Shouse, middleName=M, phoneNumber=555-555-5555}, Movie{id=7, firstName='Holly', lasName=Johnston, middleName=M, phoneNumber=555-555-5555}, Movie{id=8, firstName='Brittany', lasName=Carter, middleName=B, phoneNumber=555-555-5555}]>
	at collectionstest.ProfileRepoImplTest.getAllProfileTest(ProfileRepoImplTest.java:28)

