<?xml version="1.0" encoding="UTF-8"?>
<testsuite xmlns:xsi="http://www.w3.org/2001/XMLSchema-instance" xsi:noNamespaceSchemaLocation="https://maven.apache.org/surefire/maven-surefire-plugin/xsd/surefire-test-report.xsd" name="collectionstest.ProfileRepoImplTest" time="4.894" tests="1" errors="0" skipped="0" failures="1">
  <properties>
[...]
</properties>
  <testcase name="getAllProfileTest" classname="collectionstest.ProfileRepoImplTest" time="4.885">
    <failure message="expected: java.util.ArrayList@1f59a598&lt;[Movie{id=6, firstName=&apos;Sarah&apos;, lasName=Shouse, middleName=M, phoneNumber=555-555-5555}, Movie{id=7, firstName=&apos;Holly&apos;, lasName=Johnston, middleName=M, phoneNumber=555-555-5555}, Movie{id=8, firstName=&apos;Brittany&apos;, lasName=Carter, middleName=B, phoneNumber=555-555-5555}]&gt; but was: java.util.ArrayList@1e178745&lt;[Movie{id=6, firstName=&apos;Sarah&apos;, lasName=Shouse, middleName=M, phoneNumber=555-555-5555}, Movie{id=7, firstName=&apos;Holly&apos;, lasName=Johnston, middleName=M, phoneNumber=555-555-5555}, Movie{id=8, firstName=&apos;Brittany&apos;, lasName=Carter, middleName=B, phoneNumber=555-555-5555}]&gt;" type="org.opentest4j.AssertionFailedError"><![CDATA[org.opentest4j.AssertionFailedError: expected: java.util.ArrayList@1f59a598<[Movie{id=6, firstName='Sarah', lasName=Shouse, middleName=M, phoneNumber=555-555-5555}, Movie{id=7, firstName='Holly', lasName=Johnston, middleName=M, phoneNumber=555-555-5555}, Movie{id=8, firstName='Brittany', lasName=Carter, middleName=B, phoneNumber=555-555-5555}]> but was: java.util.ArrayList@1e178745<[Movie{id=6, firstName='Sarah', lasName=Shouse, middleName=M, phoneNumber=555-555-5555}, Movie{id=7, firstName='Holly', lasName=Johnston, middleName=M, phoneNumber=555-555-5555}, Movie{id=8, firstName='Brittany', lasName=Carter, middleName=B, phoneNumber=555-555-5555}]>
	at collectionstest.ProfileRepoImplTest.getAllProfileTest(ProfileRepoImplTest.java:28)
]]></failure>
    <system-out><![CDATA[Initialization before tests run
Run next test
]]></system-out>
  </testcase>
</testsuite>